Using pre-set license
Built from '2020.2/release' branch; Version is '2020.2.1f1 (270dd8c3da1c) revision 2559448'; Using compiler version '192528614'; Build Type 'Release'
OS: 'Windows 10  (10.0.0) 64bit' Language: 'en' Physical Memory: 16327 MB
BatchMode: 1, IsHumanControllingUs: 0, StartBugReporterOnCrash: 0, Is64bit: 1, IsPro: 0

 COMMAND LINE ARGUMENTS:
C:\Program Files\Unity\2020.2.1f1\Editor\Unity.exe
-adb2
-batchMode
-noUpm
-name
AssetImportWorker0
-projectPath
C:/Users/dylan/week 1 - 2D
-logFile
Logs/AssetImportWorker0.log
-srvPort
53698
Successfully changed project path to: C:/Users/dylan/week 1 - 2D
C:/Users/dylan/week 1 - 2D
Using Asset Import Pipeline V2.
Refreshing native plugins compatible for Editor in 42.65 ms, found 1 plugins.
Preloading 0 native plugins for Editor in 0.00 ms.
Initialize engine version: 2020.2.1f1 (270dd8c3da1c)
[Subsystems] Discovering subsystems at path C:/Program Files/Unity/2020.2.1f1/Editor/Data/Resources/UnitySubsystems
[Subsystems] Discovering subsystems at path C:/Users/dylan/week 1 - 2D/Assets
GfxDevice: creating device client; threaded=0
Direct3D:
    Version:  Direct3D 11.0 [level 11.1]
    Renderer: NVIDIA GeForce RTX 2070 SUPER (ID=0x1e84)
    Vendor:   
    VRAM:     8011 MB
    Driver:   27.21.14.6089
Initialize mono
Mono path[0] = 'C:/Program Files/Unity/2020.2.1f1/Editor/Data/Managed'
Mono path[1] = 'C:/Program Files/Unity/2020.2.1f1/Editor/Data/MonoBleedingEdge/lib/mono/unityjit'
Mono config path = 'C:/Program Files/Unity/2020.2.1f1/Editor/Data/MonoBleedingEdge/etc'
Using monoOptions --debugger-agent=transport=dt_socket,embedding=1,server=y,suspend=n,address=127.0.0.1:56792
Begin MonoManager ReloadAssembly
Registering precompiled unity dll's ...
Register platform support module: C:/Program Files/Unity/2020.2.1f1/Editor/Data/PlaybackEngines/WindowsStandaloneSupport/UnityEditor.WindowsStandalone.Extensions.dll
Registered in 0.001519 seconds.
Native extension for WindowsStandalone target not found
Refreshing native plugins compatible for Editor in 39.87 ms, found 1 plugins.
Preloading 0 native plugins for Editor in 0.00 ms.
Invoked RoslynAnalysisRunner static constructor.
RoslynAnalysisRunner will not be running.
RoslynAnalysisRunner has terminated.
Mono: successfully reloaded assembly
- Completed reload, in  1.007 seconds
Platform modules already initialized, skipping
Registering precompiled user dll's ...
Registered in 0.000979 seconds.
Begin MonoManager ReloadAssembly
Native extension for WindowsStandalone target not found
Refreshing native plugins compatible for Editor in 41.36 ms, found 1 plugins.
Preloading 0 native plugins for Editor in 0.00 ms.
Invoked RoslynAnalysisRunner static constructor.
RoslynAnalysisRunner will not be running.
RoslynAnalysisRunner has terminated.
Mono: successfully reloaded assembly
- Completed reload, in  0.906 seconds
Platform modules already initialized, skipping
========================================================================
Worker process is ready to serve import requests
Launched and connected shader compiler UnityShaderCompiler.exe after 0.04 seconds
Refreshing native plugins compatible for Editor in 0.44 ms, found 1 plugins.
Preloading 0 native plugins for Editor in 0.00 ms.
Unloading 1999 Unused Serialized files (Serialized files now loaded: 0)
System memory in use before: 92.3 MB.
System memory in use after: 92.3 MB.

Unloading 25 unused Assets to reduce memory usage. Loaded Objects now: 2443.
Total: 2.175500 ms (FindLiveObjects: 0.263600 ms CreateObjectMapping: 0.046200 ms MarkObjects: 1.753400 ms  DeleteObjects: 0.110800 ms)

========================================================================
Received Import Request.
  path: Assets/Scenes/Actual levels/1.unity
  artifactKey: Guid(e142d3be8abc9354da37e94d5b399822) Importer(815301076,1909f56bfc062723c751e8b465ee728b)
Start importing Assets/Scenes/Actual levels/1.unity using Guid(e142d3be8abc9354da37e94d5b399822) Importer(815301076,1909f56bfc062723c751e8b465ee728b)  -> (artifact id: '8d19dfff0eeb3d24c76ea7966594a7c7') in 0.016468 seconds
  Import took 0.019786 seconds .

========================================================================
Received Import Request.
  Time since last request: 0.000240 seconds.
  path: Assets/Scenes/Charcter duplication.unity
  artifactKey: Guid(c4a249db74d440b4da7fdc0a298ade08) Importer(815301076,1909f56bfc062723c751e8b465ee728b)
Start importing Assets/Scenes/Charcter duplication.unity using Guid(c4a249db74d440b4da7fdc0a298ade08) Importer(815301076,1909f56bfc062723c751e8b465ee728b)  -> (artifact id: 'f9bb6129d28086910e8d939cdbf2ef05') in 0.006139 seconds
  Import took 0.008998 seconds .

========================================================================
Received Import Request.
  Time since last request: 100.821756 seconds.
  path: Assets/Prefabs/Death Barrier.prefab
  artifactKey: Guid(1cfa4af31de8ff94ebd195a48c4b5bba) Importer(815301076,1909f56bfc062723c751e8b465ee728b)
Start importing Assets/Prefabs/Death Barrier.prefab using Guid(1cfa4af31de8ff94ebd195a48c4b5bba) Importer(815301076,1909f56bfc062723c751e8b465ee728b)  -> (artifact id: '36b7c6e340a7cee22ec220dd1780c9c0') in 0.036841 seconds
  Import took 0.040454 seconds .

========================================================================
Received Import Request.
  Time since last request: 0.000174 seconds.
  path: Assets/Prefabs/Circle.prefab
  artifactKey: Guid(acb49c3d900626449b093f04f70d54be) Importer(815301076,1909f56bfc062723c751e8b465ee728b)
Start importing Assets/Prefabs/Circle.prefab using Guid(acb49c3d900626449b093f04f70d54be) Importer(815301076,1909f56bfc062723c751e8b465ee728b)  -> (artifact id: '8fba4f1030c1d8f9dbfaf4aedae9bf32') in 0.060760 seconds
  Import took 0.063871 seconds .

========================================================================
Received Prepare
Registering precompiled user dll's ...
Registered in 0.000839 seconds.
Begin MonoManager ReloadAssembly
Native extension for WindowsStandalone target not found
Refreshing native plugins compatible for Editor in 0.40 ms, found 1 plugins.
Preloading 0 native plugins for Editor in 0.00 ms.
Invoked RoslynAnalysisRunner static constructor.
RoslynAnalysisRunner will not be running.
RoslynAnalysisRunner has terminated.
Mono: successfully reloaded assembly
- Completed reload, in  0.767 seconds
Platform modules already initialized, skipping
Refreshing native plugins compatible for Editor in 0.41 ms, found 1 plugins.
Preloading 0 native plugins for Editor in 0.00 ms.
Unloading 1979 Unused Serialized files (Serialized files now loaded: 0)
System memory in use before: 94.3 MB.
System memory in use after: 94.3 MB.

Unloading 13 unused Assets to reduce memory usage. Loaded Objects now: 2453.
Total: 2.237200 ms (FindLiveObjects: 0.225600 ms CreateObjectMapping: 0.045700 ms MarkObjects: 1.871100 ms  DeleteObjects: 0.093500 ms)

========================================================================
Received Import Request.
  Time since last request: 97.882491 seconds.
  path: Assets/Scripts/DeathZone.cs
  artifactKey: Guid(29b2f0fe72a6d9048bff4cd97cca71d6) Importer(815301076,1909f56bfc062723c751e8b465ee728b)
Start importing Assets/Scripts/DeathZone.cs using Guid(29b2f0fe72a6d9048bff4cd97cca71d6) Importer(815301076,1909f56bfc062723c751e8b465ee728b)  -> (artifact id: '7ff0afe3651c0e92b7a9e4f81db8ec82') in 0.016948 seconds
  Import took 0.020912 seconds .

========================================================================
Received Import Request.
  Time since last request: 10.078723 seconds.
  path: Assets/Prefabs/Death Barrier.prefab
  artifactKey: Guid(1cfa4af31de8ff94ebd195a48c4b5bba) Importer(815301076,1909f56bfc062723c751e8b465ee728b)
Start importing Assets/Prefabs/Death Barrier.prefab using Guid(1cfa4af31de8ff94ebd195a48c4b5bba) Importer(815301076,1909f56bfc062723c751e8b465ee728b)  -> (artifact id: '162f32b6aa22526744e2ce8f081c026a') in 0.021866 seconds
  Import took 0.027302 seconds .

========================================================================
Received Import Request.
  Time since last request: 3.188787 seconds.
  path: Assets/Scenes/Actual levels/2.unity
  artifactKey: Guid(60da6514e9c11614395ce91d505decc0) Importer(815301076,1909f56bfc062723c751e8b465ee728b)
Start importing Assets/Scenes/Actual levels/2.unity using Guid(60da6514e9c11614395ce91d505decc0) Importer(815301076,1909f56bfc062723c751e8b465ee728b)  -> (artifact id: 'a847f88e92fdad0a4a8a1be57bf2d6f7') in 0.006508 seconds
  Import took 0.010038 seconds .

========================================================================
Received Import Request.
  Time since last request: 0.000780 seconds.
  path: Assets/Scenes/Actual levels/2.unity
  artifactKey: Guid(60da6514e9c11614395ce91d505decc0) Importer(815301076,1909f56bfc062723c751e8b465ee728b)
Start importing Assets/Scenes/Actual levels/2.unity using Guid(60da6514e9c11614395ce91d505decc0) Importer(815301076,1909f56bfc062723c751e8b465ee728b)  -> (artifact id: 'a847f88e92fdad0a4a8a1be57bf2d6f7') in 0.002630 seconds
  Import took 0.005937 seconds .

========================================================================
Received Prepare
Registering precompiled user dll's ...
Registered in 0.000985 seconds.
Begin MonoManager ReloadAssembly
Native extension for WindowsStandalone target not found
Refreshing native plugins compatible for Editor in 0.43 ms, found 1 plugins.
Preloading 0 native plugins for Editor in 0.00 ms.
Invoked RoslynAnalysisRunner static constructor.
RoslynAnalysisRunner will not be running.
RoslynAnalysisRunner has terminated.
Mono: successfully reloaded assembly
- Completed reload, in  0.779 seconds
Platform modules already initialized, skipping
Refreshing native plugins compatible for Editor in 0.39 ms, found 1 plugins.
Preloading 0 native plugins for Editor in 0.00 ms.
Unloading 1979 Unused Serialized files (Serialized files now loaded: 0)
System memory in use before: 94.5 MB.
System memory in use after: 94.5 MB.

Unloading 13 unused Assets to reduce memory usage. Loaded Objects now: 2456.
Total: 2.805500 ms (FindLiveObjects: 0.391000 ms CreateObjectMapping: 0.071100 ms MarkObjects: 2.212400 ms  DeleteObjects: 0.129700 ms)

========================================================================
Received Prepare
Registering precompiled user dll's ...
Registered in 0.001060 seconds.
Begin MonoManager ReloadAssembly
Native extension for WindowsStandalone target not found
Refreshing native plugins compatible for Editor in 0.40 ms, found 1 plugins.
Preloading 0 native plugins for Editor in 0.00 ms.
Invoked RoslynAnalysisRunner static constructor.
RoslynAnalysisRunner will not be running.
RoslynAnalysisRunner has terminated.
Mono: successfully reloaded assembly
- Completed reload, in  0.764 seconds
Platform modules already initialized, skipping
Refreshing native plugins compatible for Editor in 0.42 ms, found 1 plugins.
Preloading 0 native plugins for Editor in 0.00 ms.
Unloading 1979 Unused Serialized files (Serialized files now loaded: 0)
System memory in use before: 94.7 MB.
System memory in use after: 94.7 MB.

Unloading 13 unused Assets to reduce memory usage. Loaded Objects now: 2459.
Total: 2.266100 ms (FindLiveObjects: 0.275200 ms CreateObjectMapping: 0.049700 ms MarkObjects: 1.839300 ms  DeleteObjects: 0.100200 ms)

========================================================================
Received Prepare
Registering precompiled user dll's ...
Registered in 0.000893 seconds.
Begin MonoManager ReloadAssembly
Native extension for WindowsStandalone target not found
Refreshing native plugins compatible for Editor in 0.50 ms, found 1 plugins.
Preloading 0 native plugins for Editor in 0.00 ms.
Invoked RoslynAnalysisRunner static constructor.
RoslynAnalysisRunner will not be running.
RoslynAnalysisRunner has terminated.
Mono: successfully reloaded assembly
- Completed reload, in  0.727 seconds
Platform modules already initialized, skipping
Refreshing native plugins compatible for Editor in 0.39 ms, found 1 plugins.
Preloading 0 native plugins for Editor in 0.00 ms.
Unloading 1979 Unused Serialized files (Serialized files now loaded: 0)
System memory in use before: 94.9 MB.
System memory in use after: 94.9 MB.

Unloading 13 unused Assets to reduce memory usage. Loaded Objects now: 2462.
Total: 2.650800 ms (FindLiveObjects: 0.422200 ms CreateObjectMapping: 0.072600 ms MarkObjects: 2.034300 ms  DeleteObjects: 0.120600 ms)

========================================================================
Received Prepare
Registering precompiled user dll's ...
Registered in 0.000864 seconds.
Begin MonoManager ReloadAssembly
Native extension for WindowsStandalone target not found
Refreshing native plugins compatible for Editor in 0.42 ms, found 1 plugins.
Preloading 0 native plugins for Editor in 0.00 ms.
Invoked RoslynAnalysisRunner static constructor.
RoslynAnalysisRunner will not be running.
RoslynAnalysisRunner has terminated.
Mono: successfully reloaded assembly
- Completed reload, in  0.759 seconds
Platform modules already initialized, skipping
Refreshing native plugins compatible for Editor in 0.39 ms, found 1 plugins.
Preloading 0 native plugins for Editor in 0.00 ms.
Unloading 1979 Unused Serialized files (Serialized files now loaded: 0)
System memory in use before: 95.1 MB.
System memory in use after: 95.1 MB.

Unloading 13 unused Assets to reduce memory usage. Loaded Objects now: 2465.
Total: 2.208700 ms (FindLiveObjects: 0.199000 ms CreateObjectMapping: 0.044700 ms MarkObjects: 1.870600 ms  DeleteObjects: 0.093600 ms)

========================================================================
Received Import Request.
  Time since last request: 181.237072 seconds.
  path: Assets/Scripts/PlayerPos.cs
  artifactKey: Guid(90059be697dc2224ea1bc53daf83d8a0) Importer(815301076,1909f56bfc062723c751e8b465ee728b)
Start importing Assets/Scripts/PlayerPos.cs using Guid(90059be697dc2224ea1bc53daf83d8a0) Importer(815301076,1909f56bfc062723c751e8b465ee728b)  -> (artifact id: '2b2810fdac7e656a455058035f250551') in 0.008606 seconds
  Import took 0.013674 seconds .

========================================================================
Received Import Request.
  Time since last request: 3.082566 seconds.
  path: Assets/Scripts/CharacterDuplication.cs
  artifactKey: Guid(b2c00615d5ca62f469f43296cc688ca0) Importer(815301076,1909f56bfc062723c751e8b465ee728b)
Start importing Assets/Scripts/CharacterDuplication.cs using Guid(b2c00615d5ca62f469f43296cc688ca0) Importer(815301076,1909f56bfc062723c751e8b465ee728b)  -> (artifact id: '3e15ddcef5856958b4d464ceeacc5318') in 0.006839 seconds
  Import took 0.010170 seconds .

========================================================================
Received Import Request.
  Time since last request: 3.154031 seconds.
  path: Assets/Scripts/Fling.cs
  artifactKey: Guid(9cf6e0080c7ecde4fa9369d8983145d4) Importer(815301076,1909f56bfc062723c751e8b465ee728b)
Start importing Assets/Scripts/Fling.cs using Guid(9cf6e0080c7ecde4fa9369d8983145d4) Importer(815301076,1909f56bfc062723c751e8b465ee728b)  -> (artifact id: 'a5c55f5a8f7e27edd98e0eac01ce8832') in 0.006563 seconds
  Import took 0.009798 seconds .

========================================================================
Received Prepare
Registering precompiled user dll's ...
Registered in 0.000884 seconds.
Begin MonoManager ReloadAssembly
Native extension for WindowsStandalone target not found
Refreshing native plugins compatible for Editor in 0.42 ms, found 1 plugins.
Preloading 0 native plugins for Editor in 0.00 ms.
Invoked RoslynAnalysisRunner static constructor.
RoslynAnalysisRunner will not be running.
RoslynAnalysisRunner has terminated.
Mono: successfully reloaded assembly
- Completed reload, in  0.751 seconds
Platform modules already initialized, skipping
Refreshing native plugins compatible for Editor in 0.40 ms, found 1 plugins.
Preloading 0 native plugins for Editor in 0.00 ms.
Unloading 1979 Unused Serialized files (Serialized files now loaded: 0)
System memory in use before: 95.3 MB.
System memory in use after: 95.3 MB.

Unloading 13 unused Assets to reduce memory usage. Loaded Objects now: 2468.
Total: 2.671100 ms (FindLiveObjects: 0.201900 ms CreateObjectMapping: 0.045100 ms MarkObjects: 2.316800 ms  DeleteObjects: 0.106300 ms)

========================================================================
Received Import Request.
  Time since last request: 202.560713 seconds.
  path: Assets/Scripts/Fling.cs
  artifactKey: Guid(9cf6e0080c7ecde4fa9369d8983145d4) Importer(815301076,1909f56bfc062723c751e8b465ee728b)
Start importing Assets/Scripts/Fling.cs using Guid(9cf6e0080c7ecde4fa9369d8983145d4) Importer(815301076,1909f56bfc062723c751e8b465ee728b)  -> (artifact id: '3b1309a229b83a1e9e89138e02967173') in 0.008390 seconds
  Import took 0.019106 seconds .

========================================================================
Received Prepare
Registering precompiled user dll's ...
Registered in 0.000873 seconds.
Begin MonoManager ReloadAssembly
Native extension for WindowsStandalone target not found
Refreshing native plugins compatible for Editor in 0.42 ms, found 1 plugins.
Preloading 0 native plugins for Editor in 0.00 ms.
Invoked RoslynAnalysisRunner static constructor.
RoslynAnalysisRunner will not be running.
RoslynAnalysisRunner has terminated.
Mono: successfully reloaded assembly
- Completed reload, in  0.796 seconds
Platform modules already initialized, skipping
Refreshing native plugins compatible for Editor in 0.40 ms, found 1 plugins.
Preloading 0 native plugins for Editor in 0.00 ms.
Unloading 1979 Unused Serialized files (Serialized files now loaded: 0)
System memory in use before: 95.4 MB.
System memory in use after: 95.4 MB.

Unloading 13 unused Assets to reduce memory usage. Loaded Objects now: 2471.
Total: 2.268200 ms (FindLiveObjects: 0.321300 ms CreateObjectMapping: 0.067100 ms MarkObjects: 1.773900 ms  DeleteObjects: 0.104700 ms)

========================================================================
Received Import Request.
  Time since last request: 3748.570650 seconds.
  path: Assets/Prefabs/Player 1.prefab
  artifactKey: Guid(3988f14e14a26ac4ca0601608beecfd5) Importer(815301076,1909f56bfc062723c751e8b465ee728b)
Start importing Assets/Prefabs/Player 1.prefab using Guid(3988f14e14a26ac4ca0601608beecfd5) Importer(815301076,1909f56bfc062723c751e8b465ee728b)  -> (artifact id: '23b6313809277b2391fd1323cf6596b4') in 0.090315 seconds
  Import took 0.096919 seconds .

========================================================================
Received Import Request.
  Time since last request: 0.000220 seconds.
  path: Assets/Prefabs/Player.prefab
  artifactKey: Guid(13300b4856f0d5e43ade14509616ed22) Importer(815301076,1909f56bfc062723c751e8b465ee728b)
Start importing Assets/Prefabs/Player.prefab using Guid(13300b4856f0d5e43ade14509616ed22) Importer(815301076,1909f56bfc062723c751e8b465ee728b)  -> (artifact id: '2f7481b56de364af766078f6ed11d315') in 0.018558 seconds
  Import took 0.021471 seconds .

========================================================================
Received Prepare
Registering precompiled user dll's ...
Registered in 0.000943 seconds.
Begin MonoManager ReloadAssembly
Native extension for WindowsStandalone target not found
Refreshing native plugins compatible for Editor in 0.39 ms, found 1 plugins.
Preloading 0 native plugins for Editor in 0.00 ms.
Invoked RoslynAnalysisRunner static constructor.
RoslynAnalysisRunner will not be running.
RoslynAnalysisRunner has terminated.
Mono: successfully reloaded assembly
- Completed reload, in  0.733 seconds
Platform modules already initialized, skipping
Refreshing native plugins compatible for Editor in 0.39 ms, found 1 plugins.
Preloading 0 native plugins for Editor in 0.00 ms.
Unloading 1979 Unused Serialized files (Serialized files now loaded: 0)
System memory in use before: 95.6 MB.
System memory in use after: 95.6 MB.

Unloading 13 unused Assets to reduce memory usage. Loaded Objects now: 2475.
Total: 2.343600 ms (FindLiveObjects: 0.238700 ms CreateObjectMapping: 0.043500 ms MarkObjects: 1.854300 ms  DeleteObjects: 0.205800 ms)

========================================================================
Received Prepare
Registering precompiled user dll's ...
Registered in 0.000920 seconds.
Begin MonoManager ReloadAssembly
Native extension for WindowsStandalone target not found
Refreshing native plugins compatible for Editor in 0.50 ms, found 1 plugins.
Preloading 0 native plugins for Editor in 0.00 ms.
Invoked RoslynAnalysisRunner static constructor.
RoslynAnalysisRunner will not be running.
RoslynAnalysisRunner has terminated.
Mono: successfully reloaded assembly
- Completed reload, in  0.812 seconds
Platform modules already initialized, skipping
Refreshing native plugins compatible for Editor in 0.39 ms, found 1 plugins.
Preloading 0 native plugins for Editor in 0.00 ms.
Unloading 1979 Unused Serialized files (Serialized files now loaded: 0)
System memory in use before: 95.8 MB.
System memory in use after: 95.8 MB.

Unloading 13 unused Assets to reduce memory usage. Loaded Objects now: 2478.
Total: 2.803000 ms (FindLiveObjects: 0.251300 ms CreateObjectMapping: 0.044300 ms MarkObjects: 2.347000 ms  DeleteObjects: 0.158800 ms)

========================================================================
Received Prepare
Registering precompiled user dll's ...
Registered in 0.000879 seconds.
Begin MonoManager ReloadAssembly
Native extension for WindowsStandalone target not found
Refreshing native plugins compatible for Editor in 0.40 ms, found 1 plugins.
Preloading 0 native plugins for Editor in 0.00 ms.
Invoked RoslynAnalysisRunner static constructor.
RoslynAnalysisRunner will not be running.
RoslynAnalysisRunner has terminated.
Mono: successfully reloaded assembly
- Completed reload, in  0.732 seconds
Platform modules already initialized, skipping
Refreshing native plugins compatible for Editor in 0.39 ms, found 1 plugins.
Preloading 0 native plugins for Editor in 0.00 ms.
Unloading 1979 Unused Serialized files (Serialized files now loaded: 0)
System memory in use before: 96.0 MB.
System memory in use after: 96.0 MB.

Unloading 13 unused Assets to reduce memory usage. Loaded Objects now: 2481.
Total: 2.084900 ms (FindLiveObjects: 0.246100 ms CreateObjectMapping: 0.046100 ms MarkObjects: 1.686000 ms  DeleteObjects: 0.105100 ms)

========================================================================
Received Prepare
Registering precompiled user dll's ...
Registered in 0.000909 seconds.
Begin MonoManager ReloadAssembly
Native extension for WindowsStandalone target not found
Refreshing native plugins compatible for Editor in 0.42 ms, found 1 plugins.
Preloading 0 native plugins for Editor in 0.00 ms.
Invoked RoslynAnalysisRunner static constructor.
RoslynAnalysisRunner will not be running.
RoslynAnalysisRunner has terminated.
Mono: successfully reloaded assembly
- Completed reload, in  0.783 seconds
Platform modules already initialized, skipping
Refreshing native plugins compatible for Editor in 0.42 ms, found 1 plugins.
Preloading 0 native plugins for Editor in 0.00 ms.
Unloading 1980 Unused Serialized files (Serialized files now loaded: 0)
System memory in use before: 96.1 MB.
System memory in use after: 96.2 MB.

Unloading 13 unused Assets to reduce memory usage. Loaded Objects now: 2485.
Total: 2.702800 ms (FindLiveObjects: 0.361700 ms CreateObjectMapping: 0.046200 ms MarkObjects: 2.179200 ms  DeleteObjects: 0.114400 ms)

========================================================================
Received Import Request.
  Time since last request: 826.531842 seconds.
  path: Assets/Scripts/Fling.cs
  artifactKey: Guid(9cf6e0080c7ecde4fa9369d8983145d4) Importer(815301076,1909f56bfc062723c751e8b465ee728b)
Start importing Assets/Scripts/Fling.cs using Guid(9cf6e0080c7ecde4fa9369d8983145d4) Importer(815301076,1909f56bfc062723c751e8b465ee728b)  -> (artifact id: '6061a23205e16e99ffc680ecf3d1cca1') in 0.008307 seconds
  Import took 0.011816 seconds .

========================================================================
Received Import Request.
  Time since last request: 50.766171 seconds.
  path: Assets/Scripts/Fling.cs
  artifactKey: Guid(9cf6e0080c7ecde4fa9369d8983145d4) Importer(815301076,1909f56bfc062723c751e8b465ee728b)
Start importing Assets/Scripts/Fling.cs using Guid(9cf6e0080c7ecde4fa9369d8983145d4) Importer(815301076,1909f56bfc062723c751e8b465ee728b)  -> (artifact id: '168007136b6b5a9a1e86da9235ffe6d4') in 0.003178 seconds
  Import took 0.006425 seconds .

========================================================================
Received Import Request.
  Time since last request: 19.154612 seconds.
  path: Assets/Scripts/Fling2.cs
  artifactKey: Guid(2c83d087a76e4ca4fab722b156797254) Importer(815301076,1909f56bfc062723c751e8b465ee728b)
Start importing Assets/Scripts/Fling2.cs using Guid(2c83d087a76e4ca4fab722b156797254) Importer(815301076,1909f56bfc062723c751e8b465ee728b)  -> (artifact id: 'b0af115df3b6eb8793d5fda19597d260') in 0.006604 seconds
  Import took 0.012092 seconds .

========================================================================
Received Prepare
Registering precompiled user dll's ...
Registered in 0.000824 seconds.
Begin MonoManager ReloadAssembly
Native extension for WindowsStandalone target not found
Refreshing native plugins compatible for Editor in 0.39 ms, found 1 plugins.
Preloading 0 native plugins for Editor in 0.00 ms.
Invoked RoslynAnalysisRunner static constructor.
RoslynAnalysisRunner will not be running.
RoslynAnalysisRunner has terminated.
Mono: successfully reloaded assembly
- Completed reload, in  0.695 seconds
Platform modules already initialized, skipping
Refreshing native plugins compatible for Editor in 0.40 ms, found 1 plugins.
Preloading 0 native plugins for Editor in 0.00 ms.
Unloading 1979 Unused Serialized files (Serialized files now loaded: 0)
System memory in use before: 95.3 MB.
System memory in use after: 95.3 MB.

Unloading 14 unused Assets to reduce memory usage. Loaded Objects now: 2487.
Total: 1.941200 ms (FindLiveObjects: 0.245600 ms CreateObjectMapping: 0.044000 ms MarkObjects: 1.550400 ms  DeleteObjects: 0.099500 ms)

========================================================================
Received Prepare
Registering precompiled user dll's ...
Registered in 0.000966 seconds.
Begin MonoManager ReloadAssembly
Native extension for WindowsStandalone target not found
Refreshing native plugins compatible for Editor in 0.40 ms, found 1 plugins.
Preloading 0 native plugins for Editor in 0.00 ms.
Invoked RoslynAnalysisRunner static constructor.
RoslynAnalysisRunner will not be running.
RoslynAnalysisRunner has terminated.
Mono: successfully reloaded assembly
- Completed reload, in  0.727 seconds
Platform modules already initialized, skipping
Refreshing native plugins compatible for Editor in 0.39 ms, found 1 plugins.
Preloading 0 native plugins for Editor in 0.00 ms.
Unloading 1979 Unused Serialized files (Serialized files now loaded: 0)
System memory in use before: 95.5 MB.
System memory in use after: 95.5 MB.

Unloading 13 unused Assets to reduce memory usage. Loaded Objects now: 2490.
Total: 2.238900 ms (FindLiveObjects: 0.281300 ms CreateObjectMapping: 0.056600 ms MarkObjects: 1.791100 ms  DeleteObjects: 0.108500 ms)

========================================================================
Received Prepare
Registering precompiled user dll's ...
Registered in 0.000830 seconds.
Begin MonoManager ReloadAssembly
Native extension for WindowsStandalone target not found
Refreshing native plugins compatible for Editor in 0.43 ms, found 1 plugins.
Preloading 0 native plugins for Editor in 0.00 ms.
Invoked RoslynAnalysisRunner static constructor.
RoslynAnalysisRunner will not be running.
RoslynAnalysisRunner has terminated.
Mono: successfully reloaded assembly
- Completed reload, in  0.717 seconds
Platform modules already initialized, skipping
Refreshing native plugins compatible for Editor in 0.39 ms, found 1 plugins.
Preloading 0 native plugins for Editor in 0.00 ms.
Unloading 1979 Unused Serialized files (Serialized files now loaded: 0)
System memory in use before: 95.7 MB.
System memory in use after: 95.7 MB.

Unloading 13 unused Assets to reduce memory usage. Loaded Objects now: 2493.
Total: 1.920300 ms (FindLiveObjects: 0.226200 ms CreateObjectMapping: 0.049600 ms MarkObjects: 1.546700 ms  DeleteObjects: 0.096600 ms)

========================================================================
Received Import Request.
  Time since last request: 128.515529 seconds.
  path: Assets/Prefabs/Player 1.prefab
  artifactKey: Guid(3988f14e14a26ac4ca0601608beecfd5) Importer(815301076,1909f56bfc062723c751e8b465ee728b)
Start importing Assets/Prefabs/Player 1.prefab using Guid(3988f14e14a26ac4ca0601608beecfd5) Importer(815301076,1909f56bfc062723c751e8b465ee728b)  -> (artifact id: '34cd2d27d95646ed2e3c57f6d878e596') in 0.052355 seconds
  Import took 0.058268 seconds .

========================================================================
Received Import Request.
  Time since last request: 0.000165 seconds.
  path: Assets/Prefabs/Player.prefab
  artifactKey: Guid(13300b4856f0d5e43ade14509616ed22) Importer(815301076,1909f56bfc062723c751e8b465ee728b)
Start importing Assets/Prefabs/Player.prefab using Guid(13300b4856f0d5e43ade14509616ed22) Importer(815301076,1909f56bfc062723c751e8b465ee728b)  -> (artifact id: '67cefe48dda0ff7e4ff1dc998260e9c1') in 0.015114 seconds
  Import took 0.017992 seconds .

========================================================================
Received Prepare
Refreshing native plugins compatible for Editor in 1.70 ms, found 1 plugins.
Preloading 0 native plugins for Editor in 0.00 ms.
Unloading 10 Unused Serialized files (Serialized files now loaded: 0)
System memory in use before: 57.1 MB.
System memory in use after: 57.1 MB.

Unloading 10 unused Assets to reduce memory usage. Loaded Objects now: 2494.
Total: 2.591700 ms (FindLiveObjects: 0.229300 ms CreateObjectMapping: 0.044200 ms MarkObjects: 2.218000 ms  DeleteObjects: 0.099300 ms)

